1639843695.553930 client started (16443): version 3.1c, socket /tmp//tmux-1000/default, protocol 8
1639843695.553976 on Linux 5.13.0-22-generic #22-Ubuntu SMP Fri Nov 5 13:21:36 UTC 2021; libevent 2.1.12-stable (poll)
1639843695.554000 socket is /tmp//tmux-1000/default
1639843695.554019 trying connect
1639843695.554113 add peer 0x55c5f2a177d0: 6 ((nil))
1639843695.554234 sending message 100 to peer 0x55c5f2a177d0 (4 bytes)
1639843695.554251 sending message 101 to peer 0x55c5f2a177d0 (16 bytes)
1639843695.554260 sending message 102 to peer 0x55c5f2a177d0 (11 bytes)
1639843695.554272 sending message 108 to peer 0x55c5f2a177d0 (46 bytes)
1639843695.554287 sending message 104 to peer 0x55c5f2a177d0 (0 bytes)
1639843695.554303 sending message 107 to peer 0x55c5f2a177d0 (4 bytes)
1639843695.554310 sending message 105 to peer 0x55c5f2a177d0 (16 bytes)
1639843695.554322 sending message 105 to peer 0x55c5f2a177d0 (108 bytes)
1639843695.554337 sending message 105 to peer 0x55c5f2a177d0 (19 bytes)
1639843695.554352 sending message 105 to peer 0x55c5f2a177d0 (20 bytes)
1639843695.554360 sending message 105 to peer 0x55c5f2a177d0 (57 bytes)
1639843695.554371 sending message 105 to peer 0x55c5f2a177d0 (16 bytes)
1639843695.554403 sending message 105 to peer 0x55c5f2a177d0 (58 bytes)
1639843695.554420 sending message 105 to peer 0x55c5f2a177d0 (23 bytes)
1639843695.554428 sending message 105 to peer 0x55c5f2a177d0 (36 bytes)
1639843695.554439 sending message 105 to peer 0x55c5f2a177d0 (16 bytes)
1639843695.554450 sending message 105 to peer 0x55c5f2a177d0 (23 bytes)
1639843695.554465 sending message 105 to peer 0x55c5f2a177d0 (20 bytes)
1639843695.554473 sending message 105 to peer 0x55c5f2a177d0 (22 bytes)
1639843695.554483 sending message 105 to peer 0x55c5f2a177d0 (30 bytes)
1639843695.554494 sending message 105 to peer 0x55c5f2a177d0 (24 bytes)
1639843695.554532 sending message 105 to peer 0x55c5f2a177d0 (73 bytes)
1639843695.554546 sending message 105 to peer 0x55c5f2a177d0 (16 bytes)
1639843695.554553 sending message 105 to peer 0x55c5f2a177d0 (15 bytes)
1639843695.554564 sending message 105 to peer 0x55c5f2a177d0 (50 bytes)
1639843695.554577 sending message 105 to peer 0x55c5f2a177d0 (24 bytes)
1639843695.554591 sending message 105 to peer 0x55c5f2a177d0 (14 bytes)
1639843695.554599 sending message 105 to peer 0x55c5f2a177d0 (25 bytes)
1639843695.554610 sending message 105 to peer 0x55c5f2a177d0 (22 bytes)
1639843695.554623 sending message 105 to peer 0x55c5f2a177d0 (39 bytes)
1639843695.554638 sending message 105 to peer 0x55c5f2a177d0 (22 bytes)
1639843695.554646 sending message 105 to peer 0x55c5f2a177d0 (24 bytes)
1639843695.554657 sending message 105 to peer 0x55c5f2a177d0 (86 bytes)
1639843695.554671 sending message 105 to peer 0x55c5f2a177d0 (17 bytes)
1639843695.554685 sending message 105 to peer 0x55c5f2a177d0 (18 bytes)
1639843695.554693 sending message 105 to peer 0x55c5f2a177d0 (21 bytes)
1639843695.554704 sending message 105 to peer 0x55c5f2a177d0 (17 bytes)
1639843695.554717 sending message 105 to peer 0x55c5f2a177d0 (1519 bytes)
1639843695.554735 sending message 105 to peer 0x55c5f2a177d0 (24 bytes)
1639843695.554745 sending message 105 to peer 0x55c5f2a177d0 (26 bytes)
1639843695.554756 sending message 105 to peer 0x55c5f2a177d0 (43 bytes)
1639843695.554765 sending message 105 to peer 0x55c5f2a177d0 (52 bytes)
1639843695.554776 sending message 105 to peer 0x55c5f2a177d0 (21 bytes)
1639843695.554790 sending message 105 to peer 0x55c5f2a177d0 (22 bytes)
1639843695.554798 sending message 105 to peer 0x55c5f2a177d0 (28 bytes)
1639843695.554809 sending message 105 to peer 0x55c5f2a177d0 (23 bytes)
1639843695.554820 sending message 105 to peer 0x55c5f2a177d0 (21 bytes)
1639843695.554831 sending message 105 to peer 0x55c5f2a177d0 (30 bytes)
1639843695.554847 sending message 105 to peer 0x55c5f2a177d0 (11 bytes)
1639843695.554858 sending message 105 to peer 0x55c5f2a177d0 (14 bytes)
1639843695.554869 sending message 105 to peer 0x55c5f2a177d0 (24 bytes)
1639843695.554881 sending message 105 to peer 0x55c5f2a177d0 (22 bytes)
1639843695.554908 sending message 105 to peer 0x55c5f2a177d0 (24 bytes)
1639843695.554916 sending message 105 to peer 0x55c5f2a177d0 (11 bytes)
1639843695.554928 sending message 105 to peer 0x55c5f2a177d0 (8 bytes)
1639843695.554941 sending message 105 to peer 0x55c5f2a177d0 (25 bytes)
1639843695.554956 sending message 105 to peer 0x55c5f2a177d0 (27 bytes)
1639843695.554964 sending message 105 to peer 0x55c5f2a177d0 (11 bytes)
1639843695.554976 sending message 105 to peer 0x55c5f2a177d0 (17 bytes)
1639843695.554989 sending message 105 to peer 0x55c5f2a177d0 (26 bytes)
1639843695.555003 sending message 105 to peer 0x55c5f2a177d0 (31 bytes)
1639843695.555010 sending message 105 to peer 0x55c5f2a177d0 (20 bytes)
1639843695.555022 sending message 105 to peer 0x55c5f2a177d0 (27 bytes)
1639843695.555035 sending message 105 to peer 0x55c5f2a177d0 (30 bytes)
1639843695.555050 sending message 105 to peer 0x55c5f2a177d0 (29 bytes)
1639843695.555057 sending message 105 to peer 0x55c5f2a177d0 (65 bytes)
1639843695.555069 sending message 105 to peer 0x55c5f2a177d0 (22 bytes)
1639843695.555081 sending message 105 to peer 0x55c5f2a177d0 (196 bytes)
1639843695.555094 sending message 105 to peer 0x55c5f2a177d0 (12 bytes)
1639843695.555104 sending message 105 to peer 0x55c5f2a177d0 (38 bytes)
1639843695.555116 sending message 105 to peer 0x55c5f2a177d0 (54 bytes)
1639843695.555130 sending message 105 to peer 0x55c5f2a177d0 (28 bytes)
1639843695.555142 sending message 105 to peer 0x55c5f2a177d0 (23 bytes)
1639843695.555153 sending message 105 to peer 0x55c5f2a177d0 (16 bytes)
1639843695.555165 sending message 106 to peer 0x55c5f2a177d0 (0 bytes)
1639843695.555180 sending message 200 to peer 0x55c5f2a177d0 (4 bytes)
1639843695.555187 client loop enter
1639843695.556182 peer 0x55c5f2a177d0 message 303
1639843695.556202 open write file 2 -
1639843695.556217 sending message 305 to peer 0x55c5f2a177d0 (8 bytes)
1639843695.556477 peer 0x55c5f2a177d0 message 304
1639843695.556491 write 58 to file 2
1639843695.556501 peer 0x55c5f2a177d0 message 203
1639843695.556512 file 2 58 bytes left
1639843695.556540 client loop exit
